2018-11-12T17:14:04.329-0600 I CONTROL  [initandlisten] MongoDB starting : pid=10076 port=27017 dbpath=C:\Users\Stin\Desktop\Fall_2018\Software Engineering\4Quad\data\db 64-bit host=Stin
2018-11-12T17:14:04.330-0600 I CONTROL  [initandlisten] targetMinOS: Windows 7/Windows Server 2008 R2
2018-11-12T17:14:04.330-0600 I CONTROL  [initandlisten] db version v4.0.3
2018-11-12T17:14:04.330-0600 I CONTROL  [initandlisten] git version: 7ea530946fa7880364d88c8d8b6026bbc9ffa48c
2018-11-12T17:14:04.330-0600 I CONTROL  [initandlisten] allocator: tcmalloc
2018-11-12T17:14:04.330-0600 I CONTROL  [initandlisten] modules: none
2018-11-12T17:14:04.331-0600 I CONTROL  [initandlisten] build environment:
2018-11-12T17:14:04.331-0600 I CONTROL  [initandlisten]     distmod: 2008plus-ssl
2018-11-12T17:14:04.331-0600 I CONTROL  [initandlisten]     distarch: x86_64
2018-11-12T17:14:04.331-0600 I CONTROL  [initandlisten]     target_arch: x86_64
2018-11-12T17:14:04.331-0600 I CONTROL  [initandlisten] options: { storage: { dbPath: "C:\Users\Stin\Desktop\Fall_2018\Software Engineering\4Quad\data\db" }, systemLog: { destination: "file", path: "C:\Users\Stin\Desktop\Fall_2018\Software Engineering\4Quad\data\log\mongod.log" } }
2018-11-12T17:14:04.332-0600 I STORAGE  [initandlisten] Detected data files in C:\Users\Stin\Desktop\Fall_2018\Software Engineering\4Quad\data\db created by the 'wiredTiger' storage engine, so setting the active storage engine to 'wiredTiger'.
2018-11-12T17:14:04.333-0600 I STORAGE  [initandlisten] wiredtiger_open config: create,cache_size=7521M,session_max=20000,eviction=(threads_min=4,threads_max=4),config_base=false,statistics=(fast),log=(enabled=true,archive=true,path=journal,compressor=snappy),file_manager=(close_idle_time=100000),statistics_log=(wait=0),verbose=(recovery_progress),
2018-11-12T17:14:04.338-0600 E STORAGE  [initandlisten] WiredTiger error (-31803) [1542064444:338203][10076:140732951903312], file:WiredTiger.wt, connection: __wt_turtle_read, 336: WiredTiger.turtle: fatal turtle file read error: WT_NOTFOUND: item not found Raw: [1542064444:338203][10076:140732951903312], file:WiredTiger.wt, connection: __wt_turtle_read, 336: WiredTiger.turtle: fatal turtle file read error: WT_NOTFOUND: item not found
2018-11-12T17:14:04.338-0600 E STORAGE  [initandlisten] WiredTiger error (-31804) [1542064444:338203][10076:140732951903312], file:WiredTiger.wt, connection: __wt_panic, 523: the process must exit and restart: WT_PANIC: WiredTiger library panic Raw: [1542064444:338203][10076:140732951903312], file:WiredTiger.wt, connection: __wt_panic, 523: the process must exit and restart: WT_PANIC: WiredTiger library panic
2018-11-12T17:14:04.338-0600 F -        [initandlisten] Fatal Assertion 50853 at src\mongo\db\storage\wiredtiger\wiredtiger_util.cpp 408
2018-11-12T17:14:04.338-0600 F -        [initandlisten] 

***aborting after fassert() failure


2018-11-12T17:14:04.505-0600 F -        [initandlisten] Got signal: 22 (SIGABRT).
mongod.exe    ...\src\mongo\util\stacktrace_windows.cpp(244)                     mongo::printStackTrace+0x67x
mongod.exe    ...\src\mongo\util\signal_handlers_synchronous.cpp(182)            mongo::`anonymous namespace'::printSignalAndBacktrace+0x116x
mongod.exe    ...\src\mongo\util\signal_handlers_synchronous.cpp(238)            mongo::`anonymous namespace'::abruptQuit+0x133x
ucrtbase.dll                                                                     raise+0x475x
ucrtbase.dll                                                                     abort+0x49x
mongod.exe    ...\src\mongo\util\assert_util.cpp(145)                            mongo::fassertFailedWithLocation+0x385x
mongod.exe    ...\src\mongo\db\storage\wiredtiger\wiredtiger_util.cpp(408)       mongo::`anonymous namespace'::mdb_handle_error_with_startup_suppression+0x516x
mongod.exe    ...\src\third_party\wiredtiger\src\support\err.c(277)              __eventv+0x897x
mongod.exe    ...\src\third_party\wiredtiger\src\support\err.c(331)              __wt_err_func+0x42x
mongod.exe    ...\src\third_party\wiredtiger\src\support\err.c(538)              __wt_panic+0x69x
mongod.exe    ...\src\third_party\wiredtiger\src\meta\meta_turtle.c(335)         __wt_turtle_read+0x766x
mongod.exe    ...\src\third_party\wiredtiger\src\meta\meta_table.c(304)          __wt_metadata_search+0x207x
mongod.exe    ...\src\third_party\wiredtiger\src\conn\conn_dhandle.c(48)         __conn_dhandle_config_set+0x34x
mongod.exe    ...\src\third_party\wiredtiger\src\conn\conn_dhandle.c(443)        __wt_conn_dhandle_open+0x117x
mongod.exe    ...\src\third_party\wiredtiger\src\session\session_dhandle.c(546)  __wt_session_get_dhandle+0x278x
mongod.exe    ...\src\third_party\wiredtiger\src\session\session_dhandle.c(538)  __wt_session_get_dhandle+0x475x
mongod.exe    ...\src\third_party\wiredtiger\src\session\session_dhandle.c(351)  __wt_session_get_btree_ckpt+0x196x
mongod.exe    ...\src\third_party\wiredtiger\src\cursor\cur_file.c(805)          __wt_curfile_open+0x462x
mongod.exe    ...\src\third_party\wiredtiger\src\session\session_api.c(485)      __session_open_cursor_int+0x697x
mongod.exe    ...\src\third_party\wiredtiger\src\session\session_api.c(560)      __wt_open_cursor+0x96x
mongod.exe    ...\src\third_party\wiredtiger\src\meta\meta_table.c(115)          __wt_metadata_cursor+0x153x
mongod.exe    ...\src\third_party\wiredtiger\src\conn\conn_api.c(2758)           wiredtiger_open+0x3651x
mongod.exe    ...\src\mongo\db\storage\wiredtiger\wiredtiger_kv_engine.cpp(596)  mongo::WiredTigerKVEngine::_openWiredTiger+0x150x
mongod.exe    ...\src\mongo\db\storage\wiredtiger\wiredtiger_kv_engine.cpp(521)  mongo::WiredTigerKVEngine::WiredTigerKVEngine+0x2439x
mongod.exe    ...\src\mongo\db\storage\wiredtiger\wiredtiger_init.cpp(105)       mongo::`anonymous namespace'::WiredTigerFactory::create+0x649x
mongod.exe    ...\src\mongo\db\storage\storage_engine_init.cpp(191)              mongo::initializeStorageEngine+0x2609x
mongod.exe    ...\src\mongo\db\db.cpp(337)                                       mongo::`anonymous namespace'::_initAndListen+0x1793x
mongod.exe    ...\src\mongo\db\db.cpp(676)                                       mongo::`anonymous namespace'::initAndListen+0x39x
mongod.exe    ...\src\mongo\db\db.cpp(1022)                                      mongo::mongoDbMain+0x609x
mongod.exe    ...\src\mongo\db\dbmain.cpp(45)                                    wmain+0x53x
mongod.exe    f:\dd\vctools\crt\vcstartup\src\startup\exe_common.inl(253)        __scrt_common_main_seh+0x285x
KERNEL32.DLL                                                                     BaseThreadInitThunk+0x20x
2018-11-12T17:14:04.505-0600 F CONTROL  [initandlisten] *** unhandled exception 0x0000000E at 0x00007FFEF065A388, terminating
2018-11-12T17:14:04.505-0600 F CONTROL  [initandlisten] *** stack trace for unhandled exception:
2018-11-12T17:14:04.508-0600 I -        [initandlisten] KERNELBASE.dll                                                                     RaiseException+0x104x
mongod.exe      ...\src\mongo\util\signal_handlers_synchronous.cpp(239)            mongo::`anonymous namespace'::abruptQuit+0x157x
ucrtbase.dll                                                                       raise+0x475x
ucrtbase.dll                                                                       abort+0x49x
mongod.exe      ...\src\mongo\util\assert_util.cpp(145)                            mongo::fassertFailedWithLocation+0x385x
mongod.exe      ...\src\mongo\db\storage\wiredtiger\wiredtiger_util.cpp(408)       mongo::`anonymous namespace'::mdb_handle_error_with_startup_suppression+0x516x
mongod.exe      ...\src\third_party\wiredtiger\src\support\err.c(277)              __eventv+0x897x
mongod.exe      ...\src\third_party\wiredtiger\src\support\err.c(331)              __wt_err_func+0x42x
mongod.exe      ...\src\third_party\wiredtiger\src\support\err.c(538)              __wt_panic+0x69x
mongod.exe      ...\src\third_party\wiredtiger\src\meta\meta_turtle.c(335)         __wt_turtle_read+0x766x
mongod.exe      ...\src\third_party\wiredtiger\src\meta\meta_table.c(304)          __wt_metadata_search+0x207x
mongod.exe      ...\src\third_party\wiredtiger\src\conn\conn_dhandle.c(48)         __conn_dhandle_config_set+0x34x
mongod.exe      ...\src\third_party\wiredtiger\src\conn\conn_dhandle.c(443)        __wt_conn_dhandle_open+0x117x
mongod.exe      ...\src\third_party\wiredtiger\src\session\session_dhandle.c(546)  __wt_session_get_dhandle+0x278x
mongod.exe      ...\src\third_party\wiredtiger\src\session\session_dhandle.c(538)  __wt_session_get_dhandle+0x475x
mongod.exe      ...\src\third_party\wiredtiger\src\session\session_dhandle.c(351)  __wt_session_get_btree_ckpt+0x196x
mongod.exe      ...\src\third_party\wiredtiger\src\cursor\cur_file.c(805)          __wt_curfile_open+0x462x
mongod.exe      ...\src\third_party\wiredtiger\src\session\session_api.c(485)      __session_open_cursor_int+0x697x
mongod.exe      ...\src\third_party\wiredtiger\src\session\session_api.c(560)      __wt_open_cursor+0x96x
mongod.exe      ...\src\third_party\wiredtiger\src\meta\meta_table.c(115)          __wt_metadata_cursor+0x153x
mongod.exe      ...\src\third_party\wiredtiger\src\conn\conn_api.c(2758)           wiredtiger_open+0x3651x
mongod.exe      ...\src\mongo\db\storage\wiredtiger\wiredtiger_kv_engine.cpp(596)  mongo::WiredTigerKVEngine::_openWiredTiger+0x150x
mongod.exe      ...\src\mongo\db\storage\wiredtiger\wiredtiger_kv_engine.cpp(521)  mongo::WiredTigerKVEngine::WiredTigerKVEngine+0x2439x
mongod.exe      ...\src\mongo\db\storage\wiredtiger\wiredtiger_init.cpp(105)       mongo::`anonymous namespace'::WiredTigerFactory::create+0x649x
mongod.exe      ...\src\mongo\db\storage\storage_engine_init.cpp(191)              mongo::initializeStorageEngine+0x2609x
mongod.exe      ...\src\mongo\db\db.cpp(337)                                       mongo::`anonymous namespace'::_initAndListen+0x1793x
mongod.exe      ...\src\mongo\db\db.cpp(676)                                       mongo::`anonymous namespace'::initAndListen+0x39x
mongod.exe      ...\src\mongo\db\db.cpp(1022)                                      mongo::mongoDbMain+0x609x
mongod.exe      ...\src\mongo\db\dbmain.cpp(45)                                    wmain+0x53x
mongod.exe      f:\dd\vctools\crt\vcstartup\src\startup\exe_common.inl(253)        __scrt_common_main_seh+0x285x
KERNEL32.DLL                                                                       BaseThreadInitThunk+0x20x
2018-11-12T17:14:04.508-0600 I CONTROL  [initandlisten] writing minidump diagnostic file C:\MongoDB\bin\mongod.2018-11-12T23-14-04.mdmp
2018-11-12T17:14:04.572-0600 F CONTROL  [initandlisten] *** immediate exit due to unhandled exception
